155jFI0zFsk
1EooZkgJEaI
1ZFttCrEFaA
2uUAov8IArM
3amlgnRD_IM
3-j40aJpvTU
3o8IAJhWSvw
3PL756eGvZM
4mdpdtvn9c4
4t9qagPYYKU
52ty8UEDDHI
5cZKFc8Ccy4
60iJruCNefI
6HfAp-Sx8jQ
6V8To1sbqm4
893BJHNiDT8
8zYH_lUhwjo
92tTWz_Xjag
97ifCegV37g
9is2VjBRil0
9r7CKIIbZRE
9UCKYm48YHk
aS0HPhbkFes
Bq5Y4mdHN1M
C_AfJt94_aw
c5cBkuL3tOs
cEx_MQaobXw
CjBPRxPuxKs
CnKoo-bDP2c
CO6KedRDw_4
csQeN_U8K2s
d3gp9oX-1C8
D7320haJhqk
dDRm-0YbXHs
Dlyzm2dweEA
dQAHINoRNR8
dzaqA_0FVNY
E1Zma_9dr20
e2qLT6eWBS0
EIFFyg53dKo
eizgsNbaNkE
eVzy5mT8Cc8
f8bkeCyd7-c
fAHTsqBptJc
FajH_lo7Jcw
FEhLSwP00t0
GbEpRalsaOc
gN7R_syRqng
Gx_D5lcjLko
hbBV4rTS1OU
HhJFLtSVxA0
hJoBvLGmeY4
I_xw_jWW7-c
ifH1N6crHzY
ItG0qiULlsc
IYT-sJ2c5WM
JEkAB9bRCUQ
Jjdofa_vBKI
jkhq8PBaKSw
K4R_Xw06FQk
K9aVVsLWW-4
KdAIcrvJz7o
KfcGQ5iPD_E
KML-GQ5uYzU
kzRA2lBeP1o
LDXRZGjTkHo
lE1UYqs6MnM
lFH4_aDrhhI
LhIxJhccj8I
LMVOOt6F9F0
lQzKTZl0ckM
LSgIbJWb4gk
MCD-GW0EsoQ
mE8BHZK-Zgw
MPYvBKoxqiw
mY-ksvy-7sM
n4DUlIxDFVg
NCfEeJ1aBUQ
nIzaBEGSKLw
NNnRG7qnmxU
NzWyDl25O8A
oA3aH2bZWgc
oQgqWycZ7UE
OqL1-hRBZNo
P9W7tWAmLyI
PJRwmuGi6Ko
PkMou1BBPps
pRn224whsF4
PTc3Gb0BYoI
pyOOXvAzjtw
Q5COAYFmgvA
qdfzictga24
Q-ICCMhPBes
QIoOHnuQ-VI
r038XkeQVKg
RppdyNK4INI
Rr9BdnMAGZk
RyzfgwQqSvc
S4IfqvAqwUw
SdfrXhpJrt4
SFFoMXrI3yo
Sylq7Xf9C9I
t2YorknaniU
t9XRJFYfJ9I
TDngV58WbJw
tKYBSsOQhmU
TOcfEZULkiQ
trg5FHS_jjA
u6NqSDFo7tg
UQtywE9CRXg
uUhwVBzWnKs
uXW4UIFvuWk
v_JPTTfCuKI
v2zaByf6UEU
Via7GjApY6c
VWSKriY2CzY
Wa4I3yXVq4Q
-Wcx4FVCQ9A
wi8KHIP-Pco
wyksxW0T8s0
wz6E3z68qSY
xclY6mvGS-Q
xe9XgA1zq4U
XFI1amLexic
xkHHqLj6JN8
XNlqwyc209Y
xw0WUw3cJtA
yaP-nqkT6mY
yBr9akgDEQE
yJkT9GUfW6E
yTy_k2ZJ-Ao
zBr9yTr_VWc
ZoAcD6xI8Xc
zuLUKWPM0CI
1pyR403UKXs
yZL5nCjrtlI
MlKuqhQO1ZU
10nVmnuVPtM
HMbxRxziRI0
IFmScPbnroY
06yO2wP0SfM
hPCwTHTK-bE
iagJankE1tI
155jFI0zFsk
vJwfFQ595_8
aIVzPOqrjL4
JQ-s_T8KoLY
cM4B2jrQuD0
dPuNUJ_CDAw
CALW-KI3ozM
24pQedq8fi4
1IJxlgJbkaU
xRKqT26b2M0
OxaIP_VTF4k
5lN4Zg0ZT9o
jJSD4nKvfa8
u9xXB6MD4x4
aqzivZw5bCA
MOZcwW48VmI
255QqUGH0qc
MItifYIGoJk
K1MIx9NrXvQ
67TKFS9SKeo
YOMWF7mAw_U
Ak2G13DUouM
jwx5ZiubgMo
fFDCptyoGeU
SlMoYBhHhhs
rbYQol0Jgbg
KNuKpfv8eiI
TtuJHJeO-hc
_mhj-JXd0cQ
vGOix_FKMqM
J90-o2sqd1s
meB6ixhAApI
2WYVLVGpVrg
tdJfDW1xFJo
k9dBnG_uEN0
Ddb9fwIjbwU
FUhJ4psvk9I
hOX0WHH5voc
THWieYTRB8k
whpsF0iLx9E
26g-tXB_llk
sn_jfVBfH14
8Ava81ECOpU
jBpeGAvfONI
8EFoZMTE7BQ
63MT96MCSxA
VF6jRq0Kwzg
3hLdjFUHaIc
yDdiUGfh_AA
iCkst412M2M
d6d3duJmEQw
csJuVBQyVK0
wu2stBrfMOk
SU53bWYTkAY
cLtsJzgeL1c
leAglST7rCU
9JcjnxJplL8
xfsJjq2IyRE
FM46onS3Bm4
5gr7dkGbk1k
mHvMHC6VLRk
DHAFSEiQRu0
pmKMmMpcECs
jEYJd1RH3wQ
la-h6zKRqqA
VySnbSJIo5k
jsmoI1hmnhs
uGqe11brEkc
cIE-5XiE2wU
dBoY1KVkkrg
J-o0pUS0ZBA
nwDSnSs5_wM
